<?xml version="1.0" encoding="UTF-8"?>
<testsuite xmlns:xsi="http://www.w3.org/2001/XMLSchema-instance" xsi:noNamespaceSchemaLocation="https://maven.apache.org/surefire/maven-surefire-plugin/xsd/surefire-test-report-3.0.xsd" version="3.0" name="bloodbank.entity.TestCRUDContactOriginal" time="0.644" tests="9" errors="0" skipped="0" failures="0">
  <properties>
[...]
</properties>
  <testcase name="test01_Empty" classname="bloodbank.entity.TestCRUDContactOriginal" time="0.005">
    <system-out><![CDATA[2022-03-27T10:53:39,878|[WARN ] pooling -HHH10001002: Using Hibernate built-in connection pool (not for production use!)
2022-03-27T10:53:40,041|[DEBUG] SQL -
    
    use bloodbank
2022-03-27T10:53:40,042|[DEBUG] SQL -
    
    SET FOREIGN_KEY_CHECKS=0
2022-03-27T10:53:40,043|[DEBUG] SQL -
    
    TRUNCATE TABLE bloodbank.address
2022-03-27T10:53:40,076|[DEBUG] SQL -
    
    TRUNCATE TABLE bloodbank.blood_bank
2022-03-27T10:53:40,112|[DEBUG] SQL -
    
    TRUNCATE TABLE bloodbank.blood_donation
2022-03-27T10:53:40,149|[DEBUG] SQL -
    
    TRUNCATE TABLE bloodbank.contact
2022-03-27T10:53:40,201|[DEBUG] SQL -
    
    TRUNCATE TABLE bloodbank.donation_record
2022-03-27T10:53:40,240|[DEBUG] SQL -
    
    TRUNCATE TABLE bloodbank.person
2022-03-27T10:53:40,270|[DEBUG] SQL -
    
    TRUNCATE TABLE bloodbank.phone
2022-03-27T10:53:40,303|[DEBUG] SQL -
    
    SET FOREIGN_KEY_CHECKS=1
2022-03-27T10:53:40,307|[DEBUG] SQL -CREATE SCHEMA IF NOT EXISTS `bloodbank` DEFAULT CHARACTER SET utf8mb4
2022-03-27T10:53:40,310|[DEBUG] SQL -
    
    USE `bloodbank`
2022-03-27T10:53:40,311|[DEBUG] SQL -
    
    CREATE TABLE IF NOT EXISTS `person` (
          `id` INT NOT NULL AUTO_INCREMENT,
          `first_name` VARCHAR(50) NOT NULL,
          `last_name` VARCHAR(50) NOT NULL,
          `created` DATETIME NULL,
          `updated` DATETIME NULL,
          `version` BIGINT NOT NULL DEFAULT 1,
          PRIMARY KEY (`id`) 
    )
2022-03-27T10:53:40,315|[DEBUG] SQL -
    
    CREATE TABLE IF NOT EXISTS `blood_bank` (
          `bank_id` INT NOT NULL AUTO_INCREMENT,
          `name` VARCHAR(100) NOT NULL,
          `privately_owned` BIT(1) NOT NULL,
          `created` DATETIME NULL,
          `updated` DATETIME NULL,
          `version` BIGINT NOT NULL DEFAULT 1,
          PRIMARY KEY (`bank_id`),
          UNIQUE INDEX `name_UNIQUE` (`name` ASC) VISIBLE 
    )
2022-03-27T10:53:40,319|[DEBUG] SQL -
    
    CREATE TABLE IF NOT EXISTS `blood_donation` (
          `donation_id` INT NOT NULL AUTO_INCREMENT,
          `bank_id` INT NOT NULL,
          `milliliters` INT NOT NULL,
          `blood_group` CHAR(2) NOT NULL,
          `rhd` BIT(1) NOT NULL,
          `created` DATETIME NULL,
          `updated` DATETIME NULL,
          `version` BIGINT NOT NULL DEFAULT 1,
          PRIMARY KEY (`donation_id`),
          INDEX `fk_blood_donation_blood_bank1_idx` (`bank_id` ASC) VISIBLE,
          CONSTRAINT `fk_blood_donation_blood_bank1`     FOREIGN KEY (`bank_id`) REFERENCES `blood_bank` (`bank_id`) ON DELETE NO ACTION ON UPDATE NO ACTION 
    )
2022-03-27T10:53:40,322|[DEBUG] SQL -
    
    CREATE TABLE IF NOT EXISTS `donation_record` (
          `record_id` INT NOT NULL AUTO_INCREMENT,
          `person_id` INT NOT NULL,
          `donation_id` INT NULL,
          `tested` BIT(1) NOT NULL,
          `created` DATETIME NULL,
          `updated` DATETIME NULL,
          `version` BIGINT NOT NULL DEFAULT 1,
          INDEX `fk_donation_record_person1_idx` (`person_id` ASC) VISIBLE,
          INDEX `fk_donation_record_blood_donation1_idx` (`donation_id` ASC) VISIBLE,
          UNIQUE INDEX `record_id_UNIQUE` (`record_id` ASC) VISIBLE,
          PRIMARY KEY (`record_id`),
          CONSTRAINT `fk_donation_record_person1`     FOREIGN KEY (`person_id`)     REFERENCES `person` (`id`)     ON DELETE NO ACTION     ON UPDATE NO ACTION,
          CONSTRAINT `fk_donation_record_blood_donation1`     FOREIGN KEY (`donation_id`)     REFERENCES `blood_donation` (`donation_id`)     ON DELETE NO ACTION     ON UPDATE NO ACTION 
    )
2022-03-27T10:53:40,326|[DEBUG] SQL -
    
    CREATE TABLE IF NOT EXISTS `address` (
          `address_id` INT NOT NULL AUTO_INCREMENT,
          `street_number` VARCHAR(10) NOT NULL,
          `street` VARCHAR(100) NOT NULL,
          `city` VARCHAR(100) NOT NULL,
          `province` VARCHAR(100) NOT NULL,
          `country` VARCHAR(100) NOT NULL,
          `zipcode` VARCHAR(100) NOT NULL,
          `created` DATETIME NULL,
          `updated` DATETIME NULL,
          `version` BIGINT NOT NULL DEFAULT 1,
          PRIMARY KEY (`address_id`) 
    )
2022-03-27T10:53:40,329|[DEBUG] SQL -
    
    CREATE TABLE IF NOT EXISTS `phone` (
          `phone_id` INT NOT NULL AUTO_INCREMENT,
          `country_code` VARCHAR(10) NOT NULL DEFAULT '1',
          `area_code` VARCHAR(10) NOT NULL,
          `number` VARCHAR(10) NOT NULL,
          `created` DATETIME NULL,
          `updated` DATETIME NULL,
          `version` BIGINT NOT NULL DEFAULT 1,
          PRIMARY KEY (`phone_id`) 
    )
2022-03-27T10:53:40,333|[DEBUG] SQL -
    
    CREATE TABLE IF NOT EXISTS `contact` (
          `person_id` INT NOT NULL,
          `phone_id` INT NOT NULL,
          `contact_type` VARCHAR(10) NOT NULL,
          `email` VARCHAR(100) NULL,
          `address_id` INT NULL,
          `created` DATETIME NULL,
          `updated` DATETIME NULL,
          `version` BIGINT NOT NULL DEFAULT 1,
          PRIMARY KEY (`person_id`, `phone_id`),
          INDEX `fk_contact_phone1_idx` (`phone_id` ASC) VISIBLE,
          INDEX `fk_contact_person1_idx` (`person_id` ASC) VISIBLE,
          CONSTRAINT `fk_contact_address1`     FOREIGN KEY (`address_id`)     REFERENCES `address` (`address_id`)     ON DELETE NO ACTION     ON UPDATE NO ACTION,
          CONSTRAINT `fk_contact_phone1`     FOREIGN KEY (`phone_id`)     REFERENCES `phone` (`phone_id`)     ON DELETE NO ACTION     ON UPDATE NO ACTION,
          CONSTRAINT `fk_contact_person1`     FOREIGN KEY (`person_id`)     REFERENCES `person` (`id`)     ON DELETE NO ACTION     ON UPDATE NO ACTION 
    )
2022-03-27T10:53:40,345|[DEBUG] SQL -
    /* delete Address as generatedAlias0 */ delete 
        from
            address
2022-03-27T10:53:40,347|[DEBUG] SQL -
    /* delete Phone as generatedAlias0 */ delete 
        from
            phone
2022-03-27T10:53:40,348|[DEBUG] SQL -
    /* delete Person as generatedAlias0 */ delete 
        from
            person
2022-03-27T10:53:40,349|[DEBUG] SQL -
    /* delete Contact as generatedAlias0 */ delete 
        from
            contact
2022-03-27T10:53:40,351|[DEBUG] SQL -
    /* delete BloodBank as generatedAlias0 */ delete 
        from
            blood_bank
2022-03-27T10:53:40,352|[DEBUG] SQL -
    /* delete BloodDonation as generatedAlias0 */ delete 
        from
            blood_donation
2022-03-27T10:53:40,353|[DEBUG] SQL -
    /* delete DonationRecord as generatedAlias0 */ delete 
        from
            donation_record
2022-03-27T10:53:40,356|[DEBUG] SQL -
    /* select
        count(generatedAlias0) 
    from
        Contact as generatedAlias0 */ select
            count(contact0_.person_id) as col_0_0_ 
        from
            contact contact0_
]]></system-out>
  </testcase>
  <testcase name="test02_Create" classname="bloodbank.entity.TestCRUDContactOriginal" time="0.02">
    <system-out><![CDATA[2022-03-27T10:53:40,363|[DEBUG] SQL -
    /* insert bloodbank.entity.Person
        */ insert 
        into
            person
            (created, updated, version, first_name, last_name) 
        values
            (?, ?, ?, ?, ?)
2022-03-27T10:53:40,364|[TRACE] BasicBinder -binding parameter [1] as [TIMESTAMP] - [2022-03-27T10:53:40.362951400]
2022-03-27T10:53:40,364|[TRACE] BasicBinder -binding parameter [2] as [TIMESTAMP] - [2022-03-27T10:53:40.362951400]
2022-03-27T10:53:40,365|[TRACE] BasicBinder -binding parameter [3] as [INTEGER] - [0]
2022-03-27T10:53:40,365|[TRACE] BasicBinder -binding parameter [4] as [VARCHAR] - [Teddy]
2022-03-27T10:53:40,365|[TRACE] BasicBinder -binding parameter [5] as [VARCHAR] - [Yap]
2022-03-27T10:53:40,366|[DEBUG] SQL -
    /* insert bloodbank.entity.Phone
        */ insert 
        into
            phone
            (created, updated, version, area_code, country_code, number) 
        values
            (?, ?, ?, ?, ?, ?)
2022-03-27T10:53:40,367|[TRACE] BasicBinder -binding parameter [1] as [TIMESTAMP] - [2022-03-27T10:53:40.366940200]
2022-03-27T10:53:40,367|[TRACE] BasicBinder -binding parameter [2] as [TIMESTAMP] - [2022-03-27T10:53:40.366940200]
2022-03-27T10:53:40,367|[TRACE] BasicBinder -binding parameter [3] as [INTEGER] - [0]
2022-03-27T10:53:40,367|[TRACE] BasicBinder -binding parameter [4] as [VARCHAR] - [234]
2022-03-27T10:53:40,367|[TRACE] BasicBinder -binding parameter [5] as [VARCHAR] - [0]
2022-03-27T10:53:40,367|[TRACE] BasicBinder -binding parameter [6] as [VARCHAR] - [5678900]
2022-03-27T10:53:40,369|[DEBUG] SQL -
    /* insert bloodbank.entity.Address
        */ insert 
        into
            address
            (created, updated, version, city, country, province, street, street_number, zipcode) 
        values
            (?, ?, ?, ?, ?, ?, ?, ?, ?)
2022-03-27T10:53:40,369|[TRACE] BasicBinder -binding parameter [1] as [TIMESTAMP] - [2022-03-27T10:53:40.368936]
2022-03-27T10:53:40,369|[TRACE] BasicBinder -binding parameter [2] as [TIMESTAMP] - [2022-03-27T10:53:40.368936]
2022-03-27T10:53:40,369|[TRACE] BasicBinder -binding parameter [3] as [INTEGER] - [0]
2022-03-27T10:53:40,369|[TRACE] BasicBinder -binding parameter [4] as [VARCHAR] - [ottawa]
2022-03-27T10:53:40,369|[TRACE] BasicBinder -binding parameter [5] as [VARCHAR] - [CA]
2022-03-27T10:53:40,369|[TRACE] BasicBinder -binding parameter [6] as [VARCHAR] - [ON]
2022-03-27T10:53:40,369|[TRACE] BasicBinder -binding parameter [7] as [VARCHAR] - [abcd Dr.W]
2022-03-27T10:53:40,369|[TRACE] BasicBinder -binding parameter [8] as [VARCHAR] - [123]
2022-03-27T10:53:40,369|[TRACE] BasicBinder -binding parameter [9] as [VARCHAR] - [A1B2C3]
2022-03-27T10:53:40,372|[DEBUG] SQL -
    /* insert bloodbank.entity.Contact
        */ insert 
        into
            contact
            (created, updated, version, address_id, contact_type, email, person_id, phone_id) 
        values
            (?, ?, ?, ?, ?, ?, ?, ?)
2022-03-27T10:53:40,372|[TRACE] BasicBinder -binding parameter [1] as [TIMESTAMP] - [2022-03-27T10:53:40.362951400]
2022-03-27T10:53:40,373|[TRACE] BasicBinder -binding parameter [2] as [TIMESTAMP] - [2022-03-27T10:53:40.362951400]
2022-03-27T10:53:40,373|[TRACE] BasicBinder -binding parameter [3] as [INTEGER] - [0]
2022-03-27T10:53:40,373|[TRACE] BasicBinder -binding parameter [4] as [INTEGER] - [1]
2022-03-27T10:53:40,373|[TRACE] BasicBinder -binding parameter [5] as [VARCHAR] - [Home]
2022-03-27T10:53:40,373|[TRACE] BasicBinder -binding parameter [6] as [VARCHAR] - [test@test.com]
2022-03-27T10:53:40,373|[TRACE] BasicBinder -binding parameter [7] as [INTEGER] - [1]
2022-03-27T10:53:40,373|[TRACE] BasicBinder -binding parameter [8] as [INTEGER] - [1]
2022-03-27T10:53:40,378|[DEBUG] SQL -
    /* select
        count(generatedAlias0) 
    from
        Contact as generatedAlias0 
    where
        generatedAlias0.id=:id */ select
            count(contact0_.person_id) as col_0_0_ 
        from
            contact contact0_ 
        where
            (
                contact0_.person_id, contact0_.phone_id
            )=(
                ?, ?
            )
2022-03-27T10:53:40,379|[TRACE] BasicBinder -binding parameter [1] as [INTEGER] - [1]
2022-03-27T10:53:40,379|[TRACE] BasicBinder -binding parameter [2] as [INTEGER] - [1]
]]></system-out>
  </testcase>
  <testcase name="test03_CreateInvalid" classname="bloodbank.entity.TestCRUDContactOriginal" time="0.003"/>
  <testcase name="test04_Read" classname="bloodbank.entity.TestCRUDContactOriginal" time="0.005">
    <system-out><![CDATA[2022-03-27T10:53:40,385|[DEBUG] SQL -
    /* select
        generatedAlias0 
    from
        Contact as generatedAlias0 */ select
            contact0_.person_id as person_i1_3_,
            contact0_.phone_id as phone_id2_3_,
            contact0_.created as created3_3_,
            contact0_.updated as updated4_3_,
            contact0_.version as version5_3_,
            contact0_.address_id as address_8_3_,
            contact0_.contact_type as contact_6_3_,
            contact0_.email as email7_3_ 
        from
            contact contact0_
]]></system-out>
  </testcase>
  <testcase name="test05_ReadDependencies" classname="bloodbank.entity.TestCRUDContactOriginal" time="0.012">
    <system-out><![CDATA[2022-03-27T10:53:40,391|[DEBUG] SQL -
    /* select
        generatedAlias0 
    from
        Contact as generatedAlias0 
    where
        generatedAlias0.id=:id */ select
            contact0_.person_id as person_i1_3_,
            contact0_.phone_id as phone_id2_3_,
            contact0_.created as created3_3_,
            contact0_.updated as updated4_3_,
            contact0_.version as version5_3_,
            contact0_.address_id as address_8_3_,
            contact0_.contact_type as contact_6_3_,
            contact0_.email as email7_3_ 
        from
            contact contact0_ 
        where
            (
                contact0_.person_id, contact0_.phone_id
            )=(
                ?, ?
            )
2022-03-27T10:53:40,392|[TRACE] BasicBinder -binding parameter [1] as [INTEGER] - [1]
2022-03-27T10:53:40,392|[TRACE] BasicBinder -binding parameter [2] as [INTEGER] - [1]
2022-03-27T10:53:40,394|[DEBUG] SQL -
    select
        person0_.id as id1_5_0_,
        person0_.created as created2_5_0_,
        person0_.updated as updated3_5_0_,
        person0_.version as version4_5_0_,
        person0_.first_name as first_na5_5_0_,
        person0_.last_name as last_nam6_5_0_ 
    from
        person person0_ 
    where
        person0_.id=?
2022-03-27T10:53:40,394|[TRACE] BasicBinder -binding parameter [1] as [INTEGER] - [1]
2022-03-27T10:53:40,396|[DEBUG] SQL -
    select
        phone0_.phone_id as phone_id1_6_0_,
        phone0_.created as created2_6_0_,
        phone0_.updated as updated3_6_0_,
        phone0_.version as version4_6_0_,
        phone0_.area_code as area_cod5_6_0_,
        phone0_.country_code as country_6_6_0_,
        phone0_.number as number7_6_0_ 
    from
        phone phone0_ 
    where
        phone0_.phone_id=?
2022-03-27T10:53:40,396|[TRACE] BasicBinder -binding parameter [1] as [INTEGER] - [1]
2022-03-27T10:53:40,398|[DEBUG] SQL -
    select
        address0_.address_id as address_1_0_0_,
        address0_.created as created2_0_0_,
        address0_.updated as updated3_0_0_,
        address0_.version as version4_0_0_,
        address0_.city as city5_0_0_,
        address0_.country as country6_0_0_,
        address0_.province as province7_0_0_,
        address0_.street as street8_0_0_,
        address0_.street_number as street_n9_0_0_,
        address0_.zipcode as zipcode10_0_0_ 
    from
        address address0_ 
    where
        address0_.address_id=?
2022-03-27T10:53:40,399|[TRACE] BasicBinder -binding parameter [1] as [INTEGER] - [1]
]]></system-out>
  </testcase>
  <testcase name="test06_Update" classname="bloodbank.entity.TestCRUDContactOriginal" time="0.013">
    <system-out><![CDATA[2022-03-27T10:53:40,403|[DEBUG] SQL -
    /* select
        generatedAlias0 
    from
        Contact as generatedAlias0 
    where
        generatedAlias0.id=:id */ select
            contact0_.person_id as person_i1_3_,
            contact0_.phone_id as phone_id2_3_,
            contact0_.created as created3_3_,
            contact0_.updated as updated4_3_,
            contact0_.version as version5_3_,
            contact0_.address_id as address_8_3_,
            contact0_.contact_type as contact_6_3_,
            contact0_.email as email7_3_ 
        from
            contact contact0_ 
        where
            (
                contact0_.person_id, contact0_.phone_id
            )=(
                ?, ?
            )
2022-03-27T10:53:40,404|[TRACE] BasicBinder -binding parameter [1] as [INTEGER] - [1]
2022-03-27T10:53:40,404|[TRACE] BasicBinder -binding parameter [2] as [INTEGER] - [1]
2022-03-27T10:53:40,407|[DEBUG] SQL -
    /* update
        bloodbank.entity.Contact */ update
            contact 
        set
            created=?,
            updated=?,
            version=?,
            address_id=?,
            contact_type=?,
            email=? 
        where
            person_id=? 
            and phone_id=? 
            and version=?
2022-03-27T10:53:40,407|[TRACE] BasicBinder -binding parameter [1] as [TIMESTAMP] - [2022-03-27T10:53:40]
2022-03-27T10:53:40,408|[TRACE] BasicBinder -binding parameter [2] as [TIMESTAMP] - [2022-03-27T10:53:40.407832]
2022-03-27T10:53:40,408|[TRACE] BasicBinder -binding parameter [3] as [INTEGER] - [1]
2022-03-27T10:53:40,408|[TRACE] BasicBinder -binding parameter [4] as [INTEGER] - [1]
2022-03-27T10:53:40,408|[TRACE] BasicBinder -binding parameter [5] as [VARCHAR] - [Work]
2022-03-27T10:53:40,408|[TRACE] BasicBinder -binding parameter [6] as [VARCHAR] - [test3@test3.com]
2022-03-27T10:53:40,408|[TRACE] BasicBinder -binding parameter [7] as [INTEGER] - [1]
2022-03-27T10:53:40,408|[TRACE] BasicBinder -binding parameter [8] as [INTEGER] - [1]
2022-03-27T10:53:40,408|[TRACE] BasicBinder -binding parameter [9] as [INTEGER] - [0]
2022-03-27T10:53:40,412|[DEBUG] SQL -
    /* select
        generatedAlias0 
    from
        Contact as generatedAlias0 
    where
        generatedAlias0.id=:id */ select
            contact0_.person_id as person_i1_3_,
            contact0_.phone_id as phone_id2_3_,
            contact0_.created as created3_3_,
            contact0_.updated as updated4_3_,
            contact0_.version as version5_3_,
            contact0_.address_id as address_8_3_,
            contact0_.contact_type as contact_6_3_,
            contact0_.email as email7_3_ 
        from
            contact contact0_ 
        where
            (
                contact0_.person_id, contact0_.phone_id
            )=(
                ?, ?
            )
2022-03-27T10:53:40,413|[TRACE] BasicBinder -binding parameter [1] as [INTEGER] - [1]
2022-03-27T10:53:40,413|[TRACE] BasicBinder -binding parameter [2] as [INTEGER] - [1]
]]></system-out>
  </testcase>
  <testcase name="test07_UpdateDependencies" classname="bloodbank.entity.TestCRUDContactOriginal" time="0.026">
    <system-out><![CDATA[2022-03-27T10:53:40,416|[DEBUG] SQL -
    /* select
        generatedAlias0 
    from
        Contact as generatedAlias0 
    where
        generatedAlias0.id=:id */ select
            contact0_.person_id as person_i1_3_,
            contact0_.phone_id as phone_id2_3_,
            contact0_.created as created3_3_,
            contact0_.updated as updated4_3_,
            contact0_.version as version5_3_,
            contact0_.address_id as address_8_3_,
            contact0_.contact_type as contact_6_3_,
            contact0_.email as email7_3_ 
        from
            contact contact0_ 
        where
            (
                contact0_.person_id, contact0_.phone_id
            )=(
                ?, ?
            )
2022-03-27T10:53:40,416|[TRACE] BasicBinder -binding parameter [1] as [INTEGER] - [1]
2022-03-27T10:53:40,417|[TRACE] BasicBinder -binding parameter [2] as [INTEGER] - [1]
2022-03-27T10:53:40,418|[DEBUG] SQL -
    select
        phone0_.phone_id as phone_id1_6_0_,
        phone0_.created as created2_6_0_,
        phone0_.updated as updated3_6_0_,
        phone0_.version as version4_6_0_,
        phone0_.area_code as area_cod5_6_0_,
        phone0_.country_code as country_6_6_0_,
        phone0_.number as number7_6_0_ 
    from
        phone phone0_ 
    where
        phone0_.phone_id=?
2022-03-27T10:53:40,419|[TRACE] BasicBinder -binding parameter [1] as [INTEGER] - [1]
2022-03-27T10:53:40,421|[DEBUG] SQL -
    select
        address0_.address_id as address_1_0_0_,
        address0_.created as created2_0_0_,
        address0_.updated as updated3_0_0_,
        address0_.version as version4_0_0_,
        address0_.city as city5_0_0_,
        address0_.country as country6_0_0_,
        address0_.province as province7_0_0_,
        address0_.street as street8_0_0_,
        address0_.street_number as street_n9_0_0_,
        address0_.zipcode as zipcode10_0_0_ 
    from
        address address0_ 
    where
        address0_.address_id=?
2022-03-27T10:53:40,422|[TRACE] BasicBinder -binding parameter [1] as [INTEGER] - [1]
2022-03-27T10:53:40,424|[DEBUG] SQL -
    select
        person0_.id as id1_5_0_,
        person0_.created as created2_5_0_,
        person0_.updated as updated3_5_0_,
        person0_.version as version4_5_0_,
        person0_.first_name as first_na5_5_0_,
        person0_.last_name as last_nam6_5_0_ 
    from
        person person0_ 
    where
        person0_.id=?
2022-03-27T10:53:40,424|[TRACE] BasicBinder -binding parameter [1] as [INTEGER] - [1]
2022-03-27T10:53:40,427|[DEBUG] SQL -
    select
        contacts0_.address_id as address_8_3_0_,
        contacts0_.person_id as person_i1_3_0_,
        contacts0_.phone_id as phone_id2_3_0_,
        contacts0_.person_id as person_i1_3_1_,
        contacts0_.phone_id as phone_id2_3_1_,
        contacts0_.created as created3_3_1_,
        contacts0_.updated as updated4_3_1_,
        contacts0_.version as version5_3_1_,
        contacts0_.address_id as address_8_3_1_,
        contacts0_.contact_type as contact_6_3_1_,
        contacts0_.email as email7_3_1_ 
    from
        contact contacts0_ 
    where
        contacts0_.address_id=?
2022-03-27T10:53:40,427|[TRACE] BasicBinder -binding parameter [1] as [INTEGER] - [1]
2022-03-27T10:53:40,428|[DEBUG] SQL -
    select
        contacts0_.phone_id as phone_id2_3_0_,
        contacts0_.person_id as person_i1_3_0_,
        contacts0_.person_id as person_i1_3_1_,
        contacts0_.phone_id as phone_id2_3_1_,
        contacts0_.created as created3_3_1_,
        contacts0_.updated as updated4_3_1_,
        contacts0_.version as version5_3_1_,
        contacts0_.address_id as address_8_3_1_,
        contacts0_.contact_type as contact_6_3_1_,
        contacts0_.email as email7_3_1_ 
    from
        contact contacts0_ 
    where
        contacts0_.phone_id=?
2022-03-27T10:53:40,428|[TRACE] BasicBinder -binding parameter [1] as [INTEGER] - [1]
2022-03-27T10:53:40,429|[DEBUG] SQL -
    select
        contacts0_.person_id as person_i1_3_0_,
        contacts0_.phone_id as phone_id2_3_0_,
        contacts0_.person_id as person_i1_3_1_,
        contacts0_.phone_id as phone_id2_3_1_,
        contacts0_.created as created3_3_1_,
        contacts0_.updated as updated4_3_1_,
        contacts0_.version as version5_3_1_,
        contacts0_.address_id as address_8_3_1_,
        contacts0_.contact_type as contact_6_3_1_,
        contacts0_.email as email7_3_1_ 
    from
        contact contacts0_ 
    where
        contacts0_.person_id=?
2022-03-27T10:53:40,429|[TRACE] BasicBinder -binding parameter [1] as [INTEGER] - [1]
2022-03-27T10:53:40,431|[DEBUG] SQL -
    /* update
        bloodbank.entity.Phone */ update
            phone 
        set
            created=?,
            updated=?,
            version=?,
            area_code=?,
            country_code=?,
            number=? 
        where
            phone_id=? 
            and version=?
2022-03-27T10:53:40,431|[TRACE] BasicBinder -binding parameter [1] as [TIMESTAMP] - [2022-03-27T10:53:40]
2022-03-27T10:53:40,432|[TRACE] BasicBinder -binding parameter [2] as [TIMESTAMP] - [2022-03-27T10:53:40.431767]
2022-03-27T10:53:40,432|[TRACE] BasicBinder -binding parameter [3] as [INTEGER] - [1]
2022-03-27T10:53:40,432|[TRACE] BasicBinder -binding parameter [4] as [VARCHAR] - [876]
2022-03-27T10:53:40,432|[TRACE] BasicBinder -binding parameter [5] as [VARCHAR] - [9]
2022-03-27T10:53:40,432|[TRACE] BasicBinder -binding parameter [6] as [VARCHAR] - [5432100]
2022-03-27T10:53:40,432|[TRACE] BasicBinder -binding parameter [7] as [INTEGER] - [1]
2022-03-27T10:53:40,432|[TRACE] BasicBinder -binding parameter [8] as [INTEGER] - [0]
2022-03-27T10:53:40,433|[DEBUG] SQL -
    /* update
        bloodbank.entity.Address */ update
            address 
        set
            created=?,
            updated=?,
            version=?,
            city=?,
            country=?,
            province=?,
            street=?,
            street_number=?,
            zipcode=? 
        where
            address_id=? 
            and version=?
2022-03-27T10:53:40,434|[TRACE] BasicBinder -binding parameter [1] as [TIMESTAMP] - [2022-03-27T10:53:40]
2022-03-27T10:53:40,434|[TRACE] BasicBinder -binding parameter [2] as [TIMESTAMP] - [2022-03-27T10:53:40.431767]
2022-03-27T10:53:40,434|[TRACE] BasicBinder -binding parameter [3] as [INTEGER] - [1]
2022-03-27T10:53:40,434|[TRACE] BasicBinder -binding parameter [4] as [VARCHAR] - [Vancouver]
2022-03-27T10:53:40,434|[TRACE] BasicBinder -binding parameter [5] as [VARCHAR] - [CA]
2022-03-27T10:53:40,434|[TRACE] BasicBinder -binding parameter [6] as [VARCHAR] - [BS]
2022-03-27T10:53:40,434|[TRACE] BasicBinder -binding parameter [7] as [VARCHAR] - [zxcv Dr.E]
2022-03-27T10:53:40,434|[TRACE] BasicBinder -binding parameter [8] as [VARCHAR] - [7654]
2022-03-27T10:53:40,434|[TRACE] BasicBinder -binding parameter [9] as [VARCHAR] - [Z9Y8X7W]
2022-03-27T10:53:40,434|[TRACE] BasicBinder -binding parameter [10] as [INTEGER] - [1]
2022-03-27T10:53:40,434|[TRACE] BasicBinder -binding parameter [11] as [INTEGER] - [0]
2022-03-27T10:53:40,435|[DEBUG] SQL -
    /* update
        bloodbank.entity.Person */ update
            person 
        set
            created=?,
            updated=?,
            version=?,
            first_name=?,
            last_name=? 
        where
            id=? 
            and version=?
2022-03-27T10:53:40,436|[TRACE] BasicBinder -binding parameter [1] as [TIMESTAMP] - [2022-03-27T10:53:40]
2022-03-27T10:53:40,436|[TRACE] BasicBinder -binding parameter [2] as [TIMESTAMP] - [2022-03-27T10:53:40.431767]
2022-03-27T10:53:40,436|[TRACE] BasicBinder -binding parameter [3] as [INTEGER] - [1]
2022-03-27T10:53:40,436|[TRACE] BasicBinder -binding parameter [4] as [VARCHAR] - [Jack]
2022-03-27T10:53:40,436|[TRACE] BasicBinder -binding parameter [5] as [VARCHAR] - [Jackson]
2022-03-27T10:53:40,436|[TRACE] BasicBinder -binding parameter [6] as [INTEGER] - [1]
2022-03-27T10:53:40,436|[TRACE] BasicBinder -binding parameter [7] as [INTEGER] - [0]
2022-03-27T10:53:40,440|[DEBUG] SQL -
    /* select
        generatedAlias0 
    from
        Contact as generatedAlias0 
    where
        generatedAlias0.id=:id */ select
            contact0_.person_id as person_i1_3_,
            contact0_.phone_id as phone_id2_3_,
            contact0_.created as created3_3_,
            contact0_.updated as updated4_3_,
            contact0_.version as version5_3_,
            contact0_.address_id as address_8_3_,
            contact0_.contact_type as contact_6_3_,
            contact0_.email as email7_3_ 
        from
            contact contact0_ 
        where
            (
                contact0_.person_id, contact0_.phone_id
            )=(
                ?, ?
            )
2022-03-27T10:53:40,440|[TRACE] BasicBinder -binding parameter [1] as [INTEGER] - [1]
2022-03-27T10:53:40,440|[TRACE] BasicBinder -binding parameter [2] as [INTEGER] - [1]
]]></system-out>
  </testcase>
  <testcase name="test08_DeleteDependecy" classname="bloodbank.entity.TestCRUDContactOriginal" time="0.013">
    <system-out><![CDATA[2022-03-27T10:53:40,442|[DEBUG] SQL -
    /* select
        generatedAlias0 
    from
        Contact as generatedAlias0 
    where
        generatedAlias0.id=:id */ select
            contact0_.person_id as person_i1_3_,
            contact0_.phone_id as phone_id2_3_,
            contact0_.created as created3_3_,
            contact0_.updated as updated4_3_,
            contact0_.version as version5_3_,
            contact0_.address_id as address_8_3_,
            contact0_.contact_type as contact_6_3_,
            contact0_.email as email7_3_ 
        from
            contact contact0_ 
        where
            (
                contact0_.person_id, contact0_.phone_id
            )=(
                ?, ?
            )
2022-03-27T10:53:40,443|[TRACE] BasicBinder -binding parameter [1] as [INTEGER] - [1]
2022-03-27T10:53:40,443|[TRACE] BasicBinder -binding parameter [2] as [INTEGER] - [1]
2022-03-27T10:53:40,445|[DEBUG] SQL -
    /* update
        bloodbank.entity.Contact */ update
            contact 
        set
            created=?,
            updated=?,
            version=?,
            address_id=?,
            contact_type=?,
            email=? 
        where
            person_id=? 
            and phone_id=? 
            and version=?
2022-03-27T10:53:40,445|[TRACE] BasicBinder -binding parameter [1] as [TIMESTAMP] - [2022-03-27T10:53:40]
2022-03-27T10:53:40,446|[TRACE] BasicBinder -binding parameter [2] as [TIMESTAMP] - [2022-03-27T10:53:40.445729700]
2022-03-27T10:53:40,446|[TRACE] BasicBinder -binding parameter [3] as [INTEGER] - [2]
2022-03-27T10:53:40,446|[TRACE] BasicBinder -binding parameter [4] as [INTEGER] - [null]
2022-03-27T10:53:40,446|[TRACE] BasicBinder -binding parameter [5] as [VARCHAR] - [Work]
2022-03-27T10:53:40,446|[TRACE] BasicBinder -binding parameter [6] as [VARCHAR] - [test3@test3.com]
2022-03-27T10:53:40,446|[TRACE] BasicBinder -binding parameter [7] as [INTEGER] - [1]
2022-03-27T10:53:40,446|[TRACE] BasicBinder -binding parameter [8] as [INTEGER] - [1]
2022-03-27T10:53:40,446|[TRACE] BasicBinder -binding parameter [9] as [INTEGER] - [1]
2022-03-27T10:53:40,450|[DEBUG] SQL -
    /* select
        generatedAlias0 
    from
        Contact as generatedAlias0 
    where
        generatedAlias0.id=:id */ select
            contact0_.person_id as person_i1_3_,
            contact0_.phone_id as phone_id2_3_,
            contact0_.created as created3_3_,
            contact0_.updated as updated4_3_,
            contact0_.version as version5_3_,
            contact0_.address_id as address_8_3_,
            contact0_.contact_type as contact_6_3_,
            contact0_.email as email7_3_ 
        from
            contact contact0_ 
        where
            (
                contact0_.person_id, contact0_.phone_id
            )=(
                ?, ?
            )
2022-03-27T10:53:40,451|[TRACE] BasicBinder -binding parameter [1] as [INTEGER] - [1]
2022-03-27T10:53:40,451|[TRACE] BasicBinder -binding parameter [2] as [INTEGER] - [1]
2022-03-27T10:53:40,454|[DEBUG] SQL -
    /* select
        count(generatedAlias0) 
    from
        Address as generatedAlias0 
    where
        generatedAlias0.id=:id */ select
            count(address0_.address_id) as col_0_0_ 
        from
            address address0_ 
        where
            address0_.address_id=?
2022-03-27T10:53:40,454|[TRACE] BasicBinder -binding parameter [1] as [INTEGER] - [1]
]]></system-out>
  </testcase>
  <testcase name="test09_Delete" classname="bloodbank.entity.TestCRUDContactOriginal" time="0.03">
    <system-out><![CDATA[2022-03-27T10:53:40,456|[DEBUG] SQL -
    /* select
        generatedAlias0 
    from
        Contact as generatedAlias0 
    where
        generatedAlias0.id=:id */ select
            contact0_.person_id as person_i1_3_,
            contact0_.phone_id as phone_id2_3_,
            contact0_.created as created3_3_,
            contact0_.updated as updated4_3_,
            contact0_.version as version5_3_,
            contact0_.address_id as address_8_3_,
            contact0_.contact_type as contact_6_3_,
            contact0_.email as email7_3_ 
        from
            contact contact0_ 
        where
            (
                contact0_.person_id, contact0_.phone_id
            )=(
                ?, ?
            )
2022-03-27T10:53:40,457|[TRACE] BasicBinder -binding parameter [1] as [INTEGER] - [1]
2022-03-27T10:53:40,457|[TRACE] BasicBinder -binding parameter [2] as [INTEGER] - [1]
2022-03-27T10:53:40,459|[DEBUG] SQL -
    select
        person0_.id as id1_5_0_,
        person0_.created as created2_5_0_,
        person0_.updated as updated3_5_0_,
        person0_.version as version4_5_0_,
        person0_.first_name as first_na5_5_0_,
        person0_.last_name as last_nam6_5_0_ 
    from
        person person0_ 
    where
        person0_.id=?
2022-03-27T10:53:40,460|[TRACE] BasicBinder -binding parameter [1] as [INTEGER] - [1]
2022-03-27T10:53:40,461|[DEBUG] SQL -
    select
        contacts0_.person_id as person_i1_3_0_,
        contacts0_.phone_id as phone_id2_3_0_,
        contacts0_.person_id as person_i1_3_1_,
        contacts0_.phone_id as phone_id2_3_1_,
        contacts0_.created as created3_3_1_,
        contacts0_.updated as updated4_3_1_,
        contacts0_.version as version5_3_1_,
        contacts0_.address_id as address_8_3_1_,
        contacts0_.contact_type as contact_6_3_1_,
        contacts0_.email as email7_3_1_ 
    from
        contact contacts0_ 
    where
        contacts0_.person_id=?
2022-03-27T10:53:40,462|[TRACE] BasicBinder -binding parameter [1] as [INTEGER] - [1]
2022-03-27T10:53:40,463|[DEBUG] SQL -
    /* insert bloodbank.entity.Phone
        */ insert 
        into
            phone
            (created, updated, version, area_code, country_code, number) 
        values
            (?, ?, ?, ?, ?, ?)
2022-03-27T10:53:40,464|[TRACE] BasicBinder -binding parameter [1] as [TIMESTAMP] - [2022-03-27T10:53:40.463682300]
2022-03-27T10:53:40,464|[TRACE] BasicBinder -binding parameter [2] as [TIMESTAMP] - [2022-03-27T10:53:40.463682300]
2022-03-27T10:53:40,464|[TRACE] BasicBinder -binding parameter [3] as [INTEGER] - [0]
2022-03-27T10:53:40,464|[TRACE] BasicBinder -binding parameter [4] as [VARCHAR] - [673]
2022-03-27T10:53:40,464|[TRACE] BasicBinder -binding parameter [5] as [VARCHAR] - [2]
2022-03-27T10:53:40,464|[TRACE] BasicBinder -binding parameter [6] as [VARCHAR] - [9845385]
2022-03-27T10:53:40,466|[DEBUG] SQL -
    /* insert bloodbank.entity.Contact
        */ insert 
        into
            contact
            (created, updated, version, address_id, contact_type, email, person_id, phone_id) 
        values
            (?, ?, ?, ?, ?, ?, ?, ?)
2022-03-27T10:53:40,467|[TRACE] BasicBinder -binding parameter [1] as [TIMESTAMP] - [2022-03-27T10:53:40.463682300]
2022-03-27T10:53:40,467|[TRACE] BasicBinder -binding parameter [2] as [TIMESTAMP] - [2022-03-27T10:53:40.463682300]
2022-03-27T10:53:40,467|[TRACE] BasicBinder -binding parameter [3] as [INTEGER] - [0]
2022-03-27T10:53:40,467|[TRACE] BasicBinder -binding parameter [4] as [INTEGER] - [null]
2022-03-27T10:53:40,467|[TRACE] BasicBinder -binding parameter [5] as [VARCHAR] - [Work]
2022-03-27T10:53:40,467|[TRACE] BasicBinder -binding parameter [6] as [VARCHAR] - [null]
2022-03-27T10:53:40,467|[TRACE] BasicBinder -binding parameter [7] as [INTEGER] - [1]
2022-03-27T10:53:40,467|[TRACE] BasicBinder -binding parameter [8] as [INTEGER] - [2]
2022-03-27T10:53:40,473|[DEBUG] SQL -
    select
        phone0_.phone_id as phone_id1_6_0_,
        phone0_.created as created2_6_0_,
        phone0_.updated as updated3_6_0_,
        phone0_.version as version4_6_0_,
        phone0_.area_code as area_cod5_6_0_,
        phone0_.country_code as country_6_6_0_,
        phone0_.number as number7_6_0_ 
    from
        phone phone0_ 
    where
        phone0_.phone_id=?
2022-03-27T10:53:40,473|[TRACE] BasicBinder -binding parameter [1] as [INTEGER] - [1]
2022-03-27T10:53:40,475|[DEBUG] SQL -
    /* delete bloodbank.entity.Contact */ delete 
        from
            contact 
        where
            person_id=? 
            and phone_id=? 
            and version=?
2022-03-27T10:53:40,475|[TRACE] BasicBinder -binding parameter [1] as [INTEGER] - [1]
2022-03-27T10:53:40,475|[TRACE] BasicBinder -binding parameter [2] as [INTEGER] - [1]
2022-03-27T10:53:40,475|[TRACE] BasicBinder -binding parameter [3] as [INTEGER] - [2]
2022-03-27T10:53:40,477|[DEBUG] SQL -
    /* delete bloodbank.entity.Phone */ delete 
        from
            phone 
        where
            phone_id=? 
            and version=?
2022-03-27T10:53:40,477|[TRACE] BasicBinder -binding parameter [1] as [INTEGER] - [1]
2022-03-27T10:53:40,477|[TRACE] BasicBinder -binding parameter [2] as [INTEGER] - [1]
2022-03-27T10:53:40,481|[DEBUG] SQL -
    /* select
        count(generatedAlias0) 
    from
        Contact as generatedAlias0 
    where
        generatedAlias0.id=:id */ select
            count(contact0_.person_id) as col_0_0_ 
        from
            contact contact0_ 
        where
            (
                contact0_.person_id, contact0_.phone_id
            )=(
                ?, ?
            )
2022-03-27T10:53:40,481|[TRACE] BasicBinder -binding parameter [1] as [INTEGER] - [1]
2022-03-27T10:53:40,481|[TRACE] BasicBinder -binding parameter [2] as [INTEGER] - [1]
2022-03-27T10:53:40,483|[DEBUG] SQL -
    /* select
        count(generatedAlias0) 
    from
        Contact as generatedAlias0 
    where
        generatedAlias0.id=:id */ select
            count(contact0_.person_id) as col_0_0_ 
        from
            contact contact0_ 
        where
            (
                contact0_.person_id, contact0_.phone_id
            )=(
                ?, ?
            )
2022-03-27T10:53:40,483|[TRACE] BasicBinder -binding parameter [1] as [INTEGER] - [1]
2022-03-27T10:53:40,483|[TRACE] BasicBinder -binding parameter [2] as [INTEGER] - [2]
]]></system-out>
  </testcase>
</testsuite>