<?xml version="1.0" encoding="UTF-8"?>
<testsuite xmlns:xsi="http://www.w3.org/2001/XMLSchema-instance" xsi:noNamespaceSchemaLocation="https://maven.apache.org/surefire/maven-surefire-plugin/xsd/surefire-test-report-3.0.xsd" version="3.0" name="bloodbank.entity.TestCRUDBloodDonation" time="0.847" tests="8" errors="0" skipped="0" failures="0">
  <properties>
[...]
</properties>
  <testcase name="test01_Empty" classname="bloodbank.entity.TestCRUDBloodDonation" time="0.006">
    <system-out><![CDATA[2022-03-27T10:53:39,088|[WARN ] pooling -HHH10001002: Using Hibernate built-in connection pool (not for production use!)
2022-03-27T10:53:39,352|[DEBUG] SQL -
    
    use bloodbank
2022-03-27T10:53:39,353|[DEBUG] SQL -
    
    SET FOREIGN_KEY_CHECKS=0
2022-03-27T10:53:39,354|[DEBUG] SQL -
    
    TRUNCATE TABLE bloodbank.address
2022-03-27T10:53:39,395|[DEBUG] SQL -
    
    TRUNCATE TABLE bloodbank.blood_bank
2022-03-27T10:53:39,428|[DEBUG] SQL -
    
    TRUNCATE TABLE bloodbank.blood_donation
2022-03-27T10:53:39,457|[DEBUG] SQL -
    
    TRUNCATE TABLE bloodbank.contact
2022-03-27T10:53:39,500|[DEBUG] SQL -
    
    TRUNCATE TABLE bloodbank.donation_record
2022-03-27T10:53:39,578|[DEBUG] SQL -
    
    TRUNCATE TABLE bloodbank.person
2022-03-27T10:53:39,608|[DEBUG] SQL -
    
    TRUNCATE TABLE bloodbank.phone
2022-03-27T10:53:39,638|[DEBUG] SQL -
    
    SET FOREIGN_KEY_CHECKS=1
2022-03-27T10:53:39,643|[DEBUG] SQL -CREATE SCHEMA IF NOT EXISTS `bloodbank` DEFAULT CHARACTER SET utf8mb4
2022-03-27T10:53:39,646|[DEBUG] SQL -
    
    USE `bloodbank`
2022-03-27T10:53:39,647|[DEBUG] SQL -
    
    CREATE TABLE IF NOT EXISTS `person` (
          `id` INT NOT NULL AUTO_INCREMENT,
          `first_name` VARCHAR(50) NOT NULL,
          `last_name` VARCHAR(50) NOT NULL,
          `created` DATETIME NULL,
          `updated` DATETIME NULL,
          `version` BIGINT NOT NULL DEFAULT 1,
          PRIMARY KEY (`id`) 
    )
2022-03-27T10:53:39,650|[DEBUG] SQL -
    
    CREATE TABLE IF NOT EXISTS `blood_bank` (
          `bank_id` INT NOT NULL AUTO_INCREMENT,
          `name` VARCHAR(100) NOT NULL,
          `privately_owned` BIT(1) NOT NULL,
          `created` DATETIME NULL,
          `updated` DATETIME NULL,
          `version` BIGINT NOT NULL DEFAULT 1,
          PRIMARY KEY (`bank_id`),
          UNIQUE INDEX `name_UNIQUE` (`name` ASC) VISIBLE 
    )
2022-03-27T10:53:39,653|[DEBUG] SQL -
    
    CREATE TABLE IF NOT EXISTS `blood_donation` (
          `donation_id` INT NOT NULL AUTO_INCREMENT,
          `bank_id` INT NOT NULL,
          `milliliters` INT NOT NULL,
          `blood_group` CHAR(2) NOT NULL,
          `rhd` BIT(1) NOT NULL,
          `created` DATETIME NULL,
          `updated` DATETIME NULL,
          `version` BIGINT NOT NULL DEFAULT 1,
          PRIMARY KEY (`donation_id`),
          INDEX `fk_blood_donation_blood_bank1_idx` (`bank_id` ASC) VISIBLE,
          CONSTRAINT `fk_blood_donation_blood_bank1`     FOREIGN KEY (`bank_id`) REFERENCES `blood_bank` (`bank_id`) ON DELETE NO ACTION ON UPDATE NO ACTION 
    )
2022-03-27T10:53:39,657|[DEBUG] SQL -
    
    CREATE TABLE IF NOT EXISTS `donation_record` (
          `record_id` INT NOT NULL AUTO_INCREMENT,
          `person_id` INT NOT NULL,
          `donation_id` INT NULL,
          `tested` BIT(1) NOT NULL,
          `created` DATETIME NULL,
          `updated` DATETIME NULL,
          `version` BIGINT NOT NULL DEFAULT 1,
          INDEX `fk_donation_record_person1_idx` (`person_id` ASC) VISIBLE,
          INDEX `fk_donation_record_blood_donation1_idx` (`donation_id` ASC) VISIBLE,
          UNIQUE INDEX `record_id_UNIQUE` (`record_id` ASC) VISIBLE,
          PRIMARY KEY (`record_id`),
          CONSTRAINT `fk_donation_record_person1`     FOREIGN KEY (`person_id`)     REFERENCES `person` (`id`)     ON DELETE NO ACTION     ON UPDATE NO ACTION,
          CONSTRAINT `fk_donation_record_blood_donation1`     FOREIGN KEY (`donation_id`)     REFERENCES `blood_donation` (`donation_id`)     ON DELETE NO ACTION     ON UPDATE NO ACTION 
    )
2022-03-27T10:53:39,661|[DEBUG] SQL -
    
    CREATE TABLE IF NOT EXISTS `address` (
          `address_id` INT NOT NULL AUTO_INCREMENT,
          `street_number` VARCHAR(10) NOT NULL,
          `street` VARCHAR(100) NOT NULL,
          `city` VARCHAR(100) NOT NULL,
          `province` VARCHAR(100) NOT NULL,
          `country` VARCHAR(100) NOT NULL,
          `zipcode` VARCHAR(100) NOT NULL,
          `created` DATETIME NULL,
          `updated` DATETIME NULL,
          `version` BIGINT NOT NULL DEFAULT 1,
          PRIMARY KEY (`address_id`) 
    )
2022-03-27T10:53:39,664|[DEBUG] SQL -
    
    CREATE TABLE IF NOT EXISTS `phone` (
          `phone_id` INT NOT NULL AUTO_INCREMENT,
          `country_code` VARCHAR(10) NOT NULL DEFAULT '1',
          `area_code` VARCHAR(10) NOT NULL,
          `number` VARCHAR(10) NOT NULL,
          `created` DATETIME NULL,
          `updated` DATETIME NULL,
          `version` BIGINT NOT NULL DEFAULT 1,
          PRIMARY KEY (`phone_id`) 
    )
2022-03-27T10:53:39,668|[DEBUG] SQL -
    
    CREATE TABLE IF NOT EXISTS `contact` (
          `person_id` INT NOT NULL,
          `phone_id` INT NOT NULL,
          `contact_type` VARCHAR(10) NOT NULL,
          `email` VARCHAR(100) NULL,
          `address_id` INT NULL,
          `created` DATETIME NULL,
          `updated` DATETIME NULL,
          `version` BIGINT NOT NULL DEFAULT 1,
          PRIMARY KEY (`person_id`, `phone_id`),
          INDEX `fk_contact_phone1_idx` (`phone_id` ASC) VISIBLE,
          INDEX `fk_contact_person1_idx` (`person_id` ASC) VISIBLE,
          CONSTRAINT `fk_contact_address1`     FOREIGN KEY (`address_id`)     REFERENCES `address` (`address_id`)     ON DELETE NO ACTION     ON UPDATE NO ACTION,
          CONSTRAINT `fk_contact_phone1`     FOREIGN KEY (`phone_id`)     REFERENCES `phone` (`phone_id`)     ON DELETE NO ACTION     ON UPDATE NO ACTION,
          CONSTRAINT `fk_contact_person1`     FOREIGN KEY (`person_id`)     REFERENCES `person` (`id`)     ON DELETE NO ACTION     ON UPDATE NO ACTION 
    )
2022-03-27T10:53:39,684|[DEBUG] SQL -
    /* delete Address as generatedAlias0 */ delete 
        from
            address
2022-03-27T10:53:39,686|[DEBUG] SQL -
    /* delete Phone as generatedAlias0 */ delete 
        from
            phone
2022-03-27T10:53:39,687|[DEBUG] SQL -
    /* delete Person as generatedAlias0 */ delete 
        from
            person
2022-03-27T10:53:39,688|[DEBUG] SQL -
    /* delete Contact as generatedAlias0 */ delete 
        from
            contact
2022-03-27T10:53:39,690|[DEBUG] SQL -
    /* delete BloodBank as generatedAlias0 */ delete 
        from
            blood_bank
2022-03-27T10:53:39,691|[DEBUG] SQL -
    /* delete BloodDonation as generatedAlias0 */ delete 
        from
            blood_donation
2022-03-27T10:53:39,692|[DEBUG] SQL -
    /* delete DonationRecord as generatedAlias0 */ delete 
        from
            donation_record
2022-03-27T10:53:39,696|[DEBUG] SQL -
    /* select
        count(generatedAlias0) 
    from
        BloodDonation as generatedAlias0 */ select
            count(blooddonat0_.donation_id) as col_0_0_ 
        from
            blood_donation blooddonat0_
]]></system-out>
  </testcase>
  <testcase name="test02_Create" classname="bloodbank.entity.TestCRUDBloodDonation" time="0.015">
    <system-out><![CDATA[2022-03-27T10:53:39,703|[DEBUG] SQL -
    /* insert bloodbank.entity.PrivateBloodBank
        */ insert 
        into
            blood_bank
            (created, updated, version, name, privately_owned) 
        values
            (?, ?, ?, ?, 1)
2022-03-27T10:53:39,703|[TRACE] BasicBinder -binding parameter [1] as [TIMESTAMP] - [2022-03-27T10:53:39.703713800]
2022-03-27T10:53:39,704|[TRACE] BasicBinder -binding parameter [2] as [TIMESTAMP] - [2022-03-27T10:53:39.703713800]
2022-03-27T10:53:39,704|[TRACE] BasicBinder -binding parameter [3] as [INTEGER] - [0]
2022-03-27T10:53:39,704|[TRACE] BasicBinder -binding parameter [4] as [VARCHAR] - [Health]
2022-03-27T10:53:39,706|[DEBUG] SQL -
    /* insert bloodbank.entity.BloodDonation
        */ insert 
        into
            blood_donation
            (created, updated, version, bank_id, blood_group, rhd, milliliters) 
        values
            (?, ?, ?, ?, ?, ?, ?)
2022-03-27T10:53:39,706|[TRACE] BasicBinder -binding parameter [1] as [TIMESTAMP] - [2022-03-27T10:53:39.701721600]
2022-03-27T10:53:39,706|[TRACE] BasicBinder -binding parameter [2] as [TIMESTAMP] - [2022-03-27T10:53:39.701721600]
2022-03-27T10:53:39,706|[TRACE] BasicBinder -binding parameter [3] as [INTEGER] - [0]
2022-03-27T10:53:39,706|[TRACE] BasicBinder -binding parameter [4] as [INTEGER] - [1]
2022-03-27T10:53:39,706|[TRACE] BasicBinder -binding parameter [5] as [VARCHAR] - [A]
2022-03-27T10:53:39,707|[TRACE] BasicBinder -binding parameter [6] as [TINYINT] - [1]
2022-03-27T10:53:39,707|[TRACE] BasicBinder -binding parameter [7] as [INTEGER] - [50]
2022-03-27T10:53:39,713|[DEBUG] SQL -
    /* select
        count(generatedAlias0) 
    from
        BloodDonation as generatedAlias0 
    where
        generatedAlias0.id=:id */ select
            count(blooddonat0_.donation_id) as col_0_0_ 
        from
            blood_donation blooddonat0_ 
        where
            blooddonat0_.donation_id=?
2022-03-27T10:53:39,713|[TRACE] BasicBinder -binding parameter [1] as [INTEGER] - [1]
]]></system-out>
  </testcase>
  <testcase name="test03_CreateInvalid" classname="bloodbank.entity.TestCRUDBloodDonation" time="0.003"/>
  <testcase name="test04_Read" classname="bloodbank.entity.TestCRUDBloodDonation" time="0.016">
    <system-out><![CDATA[2022-03-27T10:53:39,721|[DEBUG] SQL -
    /* select
        generatedAlias0 
    from
        BloodDonation as generatedAlias0 */ select
            blooddonat0_.donation_id as donation1_2_,
            blooddonat0_.created as created2_2_,
            blooddonat0_.updated as updated3_2_,
            blooddonat0_.version as version4_2_,
            blooddonat0_.bank_id as bank_id8_2_,
            blooddonat0_.blood_group as blood_gr5_2_,
            blooddonat0_.rhd as rhd6_2_,
            blooddonat0_.milliliters as millilit7_2_ 
        from
            blood_donation blooddonat0_
2022-03-27T10:53:39,732|[DEBUG] SQL -
    /* load bloodbank.entity.DonationRecord */ select
        donationre0_.record_id as record_i1_4_1_,
        donationre0_.created as created2_4_1_,
        donationre0_.updated as updated3_4_1_,
        donationre0_.version as version4_4_1_,
        donationre0_.donation_id as donation6_4_1_,
        donationre0_.person_id as person_i7_4_1_,
        donationre0_.tested as tested5_4_1_,
        person1_.id as id1_5_0_,
        person1_.created as created2_5_0_,
        person1_.updated as updated3_5_0_,
        person1_.version as version4_5_0_,
        person1_.first_name as first_na5_5_0_,
        person1_.last_name as last_nam6_5_0_ 
    from
        donation_record donationre0_ 
    inner join
        person person1_ 
            on donationre0_.person_id=person1_.id 
    where
        donationre0_.donation_id=?
2022-03-27T10:53:39,732|[TRACE] BasicBinder -binding parameter [1] as [INTEGER] - [1]
]]></system-out>
  </testcase>
  <testcase name="test05_ReadDependencies" classname="bloodbank.entity.TestCRUDBloodDonation" time="0.011">
    <system-out><![CDATA[2022-03-27T10:53:39,738|[DEBUG] SQL -
    /* select
        generatedAlias0 
    from
        BloodDonation as generatedAlias0 
    where
        generatedAlias0.id=:id */ select
            blooddonat0_.donation_id as donation1_2_,
            blooddonat0_.created as created2_2_,
            blooddonat0_.updated as updated3_2_,
            blooddonat0_.version as version4_2_,
            blooddonat0_.bank_id as bank_id8_2_,
            blooddonat0_.blood_group as blood_gr5_2_,
            blooddonat0_.rhd as rhd6_2_,
            blooddonat0_.milliliters as millilit7_2_ 
        from
            blood_donation blooddonat0_ 
        where
            blooddonat0_.donation_id=?
2022-03-27T10:53:39,739|[TRACE] BasicBinder -binding parameter [1] as [INTEGER] - [1]
2022-03-27T10:53:39,740|[DEBUG] SQL -
    /* load bloodbank.entity.DonationRecord */ select
        donationre0_.record_id as record_i1_4_1_,
        donationre0_.created as created2_4_1_,
        donationre0_.updated as updated3_4_1_,
        donationre0_.version as version4_4_1_,
        donationre0_.donation_id as donation6_4_1_,
        donationre0_.person_id as person_i7_4_1_,
        donationre0_.tested as tested5_4_1_,
        person1_.id as id1_5_0_,
        person1_.created as created2_5_0_,
        person1_.updated as updated3_5_0_,
        person1_.version as version4_5_0_,
        person1_.first_name as first_na5_5_0_,
        person1_.last_name as last_nam6_5_0_ 
    from
        donation_record donationre0_ 
    inner join
        person person1_ 
            on donationre0_.person_id=person1_.id 
    where
        donationre0_.donation_id=?
2022-03-27T10:53:39,740|[TRACE] BasicBinder -binding parameter [1] as [INTEGER] - [1]
2022-03-27T10:53:39,744|[DEBUG] SQL -
    select
        bloodbank0_.bank_id as bank_id2_1_0_,
        bloodbank0_.created as created3_1_0_,
        bloodbank0_.updated as updated4_1_0_,
        bloodbank0_.version as version5_1_0_,
        bloodbank0_.name as name6_1_0_,
        bloodbank0_.privately_owned as privatel1_1_0_ 
    from
        blood_bank bloodbank0_ 
    where
        bloodbank0_.bank_id=?
2022-03-27T10:53:39,745|[TRACE] BasicBinder -binding parameter [1] as [INTEGER] - [1]
]]></system-out>
  </testcase>
  <testcase name="test06_Update" classname="bloodbank.entity.TestCRUDBloodDonation" time="0.023">
    <system-out><![CDATA[2022-03-27T10:53:39,750|[DEBUG] SQL -
    /* select
        generatedAlias0 
    from
        BloodDonation as generatedAlias0 
    where
        generatedAlias0.id=:id */ select
            blooddonat0_.donation_id as donation1_2_,
            blooddonat0_.created as created2_2_,
            blooddonat0_.updated as updated3_2_,
            blooddonat0_.version as version4_2_,
            blooddonat0_.bank_id as bank_id8_2_,
            blooddonat0_.blood_group as blood_gr5_2_,
            blooddonat0_.rhd as rhd6_2_,
            blooddonat0_.milliliters as millilit7_2_ 
        from
            blood_donation blooddonat0_ 
        where
            blooddonat0_.donation_id=?
2022-03-27T10:53:39,750|[TRACE] BasicBinder -binding parameter [1] as [INTEGER] - [1]
2022-03-27T10:53:39,752|[DEBUG] SQL -
    /* load bloodbank.entity.DonationRecord */ select
        donationre0_.record_id as record_i1_4_1_,
        donationre0_.created as created2_4_1_,
        donationre0_.updated as updated3_4_1_,
        donationre0_.version as version4_4_1_,
        donationre0_.donation_id as donation6_4_1_,
        donationre0_.person_id as person_i7_4_1_,
        donationre0_.tested as tested5_4_1_,
        person1_.id as id1_5_0_,
        person1_.created as created2_5_0_,
        person1_.updated as updated3_5_0_,
        person1_.version as version4_5_0_,
        person1_.first_name as first_na5_5_0_,
        person1_.last_name as last_nam6_5_0_ 
    from
        donation_record donationre0_ 
    inner join
        person person1_ 
            on donationre0_.person_id=person1_.id 
    where
        donationre0_.donation_id=?
2022-03-27T10:53:39,752|[TRACE] BasicBinder -binding parameter [1] as [INTEGER] - [1]
2022-03-27T10:53:39,762|[DEBUG] SQL -
    /* update
        bloodbank.entity.BloodDonation */ update
            blood_donation 
        set
            created=?,
            updated=?,
            version=?,
            bank_id=?,
            blood_group=?,
            rhd=?,
            milliliters=? 
        where
            donation_id=? 
            and version=?
2022-03-27T10:53:39,763|[TRACE] BasicBinder -binding parameter [1] as [TIMESTAMP] - [2022-03-27T10:53:40]
2022-03-27T10:53:39,763|[TRACE] BasicBinder -binding parameter [2] as [TIMESTAMP] - [2022-03-27T10:53:39.762557900]
2022-03-27T10:53:39,764|[TRACE] BasicBinder -binding parameter [3] as [INTEGER] - [1]
2022-03-27T10:53:39,765|[TRACE] BasicBinder -binding parameter [4] as [INTEGER] - [1]
2022-03-27T10:53:39,765|[TRACE] BasicBinder -binding parameter [5] as [VARCHAR] - [O]
2022-03-27T10:53:39,765|[TRACE] BasicBinder -binding parameter [6] as [TINYINT] - [0]
2022-03-27T10:53:39,765|[TRACE] BasicBinder -binding parameter [7] as [INTEGER] - [80]
2022-03-27T10:53:39,765|[TRACE] BasicBinder -binding parameter [8] as [INTEGER] - [1]
2022-03-27T10:53:39,765|[TRACE] BasicBinder -binding parameter [9] as [INTEGER] - [0]
2022-03-27T10:53:39,770|[DEBUG] SQL -
    /* select
        generatedAlias0 
    from
        BloodDonation as generatedAlias0 
    where
        generatedAlias0.id=:id */ select
            blooddonat0_.donation_id as donation1_2_,
            blooddonat0_.created as created2_2_,
            blooddonat0_.updated as updated3_2_,
            blooddonat0_.version as version4_2_,
            blooddonat0_.bank_id as bank_id8_2_,
            blooddonat0_.blood_group as blood_gr5_2_,
            blooddonat0_.rhd as rhd6_2_,
            blooddonat0_.milliliters as millilit7_2_ 
        from
            blood_donation blooddonat0_ 
        where
            blooddonat0_.donation_id=?
2022-03-27T10:53:39,770|[TRACE] BasicBinder -binding parameter [1] as [INTEGER] - [1]
]]></system-out>
  </testcase>
  <testcase name="test07_UpdateDependencies" classname="bloodbank.entity.TestCRUDBloodDonation" time="0.03">
    <system-out><![CDATA[2022-03-27T10:53:39,774|[DEBUG] SQL -
    /* select
        generatedAlias0 
    from
        BloodDonation as generatedAlias0 
    where
        generatedAlias0.id=:id */ select
            blooddonat0_.donation_id as donation1_2_,
            blooddonat0_.created as created2_2_,
            blooddonat0_.updated as updated3_2_,
            blooddonat0_.version as version4_2_,
            blooddonat0_.bank_id as bank_id8_2_,
            blooddonat0_.blood_group as blood_gr5_2_,
            blooddonat0_.rhd as rhd6_2_,
            blooddonat0_.milliliters as millilit7_2_ 
        from
            blood_donation blooddonat0_ 
        where
            blooddonat0_.donation_id=?
2022-03-27T10:53:39,775|[TRACE] BasicBinder -binding parameter [1] as [INTEGER] - [1]
2022-03-27T10:53:39,777|[DEBUG] SQL -
    /* load bloodbank.entity.DonationRecord */ select
        donationre0_.record_id as record_i1_4_1_,
        donationre0_.created as created2_4_1_,
        donationre0_.updated as updated3_4_1_,
        donationre0_.version as version4_4_1_,
        donationre0_.donation_id as donation6_4_1_,
        donationre0_.person_id as person_i7_4_1_,
        donationre0_.tested as tested5_4_1_,
        person1_.id as id1_5_0_,
        person1_.created as created2_5_0_,
        person1_.updated as updated3_5_0_,
        person1_.version as version4_5_0_,
        person1_.first_name as first_na5_5_0_,
        person1_.last_name as last_nam6_5_0_ 
    from
        donation_record donationre0_ 
    inner join
        person person1_ 
            on donationre0_.person_id=person1_.id 
    where
        donationre0_.donation_id=?
2022-03-27T10:53:39,778|[TRACE] BasicBinder -binding parameter [1] as [INTEGER] - [1]
2022-03-27T10:53:39,779|[DEBUG] SQL -
    select
        bloodbank0_.bank_id as bank_id2_1_0_,
        bloodbank0_.created as created3_1_0_,
        bloodbank0_.updated as updated4_1_0_,
        bloodbank0_.version as version5_1_0_,
        bloodbank0_.name as name6_1_0_,
        bloodbank0_.privately_owned as privatel1_1_0_ 
    from
        blood_bank bloodbank0_ 
    where
        bloodbank0_.bank_id=?
2022-03-27T10:53:39,780|[TRACE] BasicBinder -binding parameter [1] as [INTEGER] - [1]
2022-03-27T10:53:39,784|[DEBUG] SQL -
    select
        donations0_.bank_id as bank_id8_2_0_,
        donations0_.donation_id as donation1_2_0_,
        donations0_.donation_id as donation1_2_1_,
        donations0_.created as created2_2_1_,
        donations0_.updated as updated3_2_1_,
        donations0_.version as version4_2_1_,
        donations0_.bank_id as bank_id8_2_1_,
        donations0_.blood_group as blood_gr5_2_1_,
        donations0_.rhd as rhd6_2_1_,
        donations0_.milliliters as millilit7_2_1_,
        donationre1_.record_id as record_i1_4_2_,
        donationre1_.created as created2_4_2_,
        donationre1_.updated as updated3_4_2_,
        donationre1_.version as version4_4_2_,
        donationre1_.donation_id as donation6_4_2_,
        donationre1_.person_id as person_i7_4_2_,
        donationre1_.tested as tested5_4_2_,
        person2_.id as id1_5_3_,
        person2_.created as created2_5_3_,
        person2_.updated as updated3_5_3_,
        person2_.version as version4_5_3_,
        person2_.first_name as first_na5_5_3_,
        person2_.last_name as last_nam6_5_3_ 
    from
        blood_donation donations0_ 
    left outer join
        donation_record donationre1_ 
            on donations0_.donation_id=donationre1_.donation_id 
    left outer join
        person person2_ 
            on donationre1_.person_id=person2_.id 
    where
        donations0_.bank_id=?
2022-03-27T10:53:39,786|[TRACE] BasicBinder -binding parameter [1] as [INTEGER] - [1]
2022-03-27T10:53:39,792|[DEBUG] SQL -
    /* update
        bloodbank.entity.PrivateBloodBank */ update
            blood_bank 
        set
            created=?,
            updated=?,
            version=?,
            name=? 
        where
            bank_id=? 
            and version=?
2022-03-27T10:53:39,793|[TRACE] BasicBinder -binding parameter [1] as [TIMESTAMP] - [2022-03-27T10:53:40]
2022-03-27T10:53:39,793|[TRACE] BasicBinder -binding parameter [2] as [TIMESTAMP] - [2022-03-27T10:53:39.792475600]
2022-03-27T10:53:39,793|[TRACE] BasicBinder -binding parameter [3] as [INTEGER] - [1]
2022-03-27T10:53:39,794|[TRACE] BasicBinder -binding parameter [4] as [VARCHAR] - [Lucky]
2022-03-27T10:53:39,794|[TRACE] BasicBinder -binding parameter [5] as [INTEGER] - [1]
2022-03-27T10:53:39,794|[TRACE] BasicBinder -binding parameter [6] as [INTEGER] - [0]
2022-03-27T10:53:39,799|[DEBUG] SQL -
    /* select
        generatedAlias0 
    from
        BloodDonation as generatedAlias0 
    where
        generatedAlias0.id=:id */ select
            blooddonat0_.donation_id as donation1_2_,
            blooddonat0_.created as created2_2_,
            blooddonat0_.updated as updated3_2_,
            blooddonat0_.version as version4_2_,
            blooddonat0_.bank_id as bank_id8_2_,
            blooddonat0_.blood_group as blood_gr5_2_,
            blooddonat0_.rhd as rhd6_2_,
            blooddonat0_.milliliters as millilit7_2_ 
        from
            blood_donation blooddonat0_ 
        where
            blooddonat0_.donation_id=?
2022-03-27T10:53:39,800|[TRACE] BasicBinder -binding parameter [1] as [INTEGER] - [1]
]]></system-out>
  </testcase>
  <testcase name="test08_Delete" classname="bloodbank.entity.TestCRUDBloodDonation" time="0.034">
    <system-out><![CDATA[2022-03-27T10:53:39,805|[DEBUG] SQL -
    /* select
        generatedAlias0 
    from
        BloodDonation as generatedAlias0 
    where
        generatedAlias0.id=:id */ select
            blooddonat0_.donation_id as donation1_2_,
            blooddonat0_.created as created2_2_,
            blooddonat0_.updated as updated3_2_,
            blooddonat0_.version as version4_2_,
            blooddonat0_.bank_id as bank_id8_2_,
            blooddonat0_.blood_group as blood_gr5_2_,
            blooddonat0_.rhd as rhd6_2_,
            blooddonat0_.milliliters as millilit7_2_ 
        from
            blood_donation blooddonat0_ 
        where
            blooddonat0_.donation_id=?
2022-03-27T10:53:39,805|[TRACE] BasicBinder -binding parameter [1] as [INTEGER] - [1]
2022-03-27T10:53:39,807|[DEBUG] SQL -
    /* load bloodbank.entity.DonationRecord */ select
        donationre0_.record_id as record_i1_4_1_,
        donationre0_.created as created2_4_1_,
        donationre0_.updated as updated3_4_1_,
        donationre0_.version as version4_4_1_,
        donationre0_.donation_id as donation6_4_1_,
        donationre0_.person_id as person_i7_4_1_,
        donationre0_.tested as tested5_4_1_,
        person1_.id as id1_5_0_,
        person1_.created as created2_5_0_,
        person1_.updated as updated3_5_0_,
        person1_.version as version4_5_0_,
        person1_.first_name as first_na5_5_0_,
        person1_.last_name as last_nam6_5_0_ 
    from
        donation_record donationre0_ 
    inner join
        person person1_ 
            on donationre0_.person_id=person1_.id 
    where
        donationre0_.donation_id=?
2022-03-27T10:53:39,807|[TRACE] BasicBinder -binding parameter [1] as [INTEGER] - [1]
2022-03-27T10:53:39,810|[DEBUG] SQL -
    /* insert bloodbank.entity.PublicBloodBank
        */ insert 
        into
            blood_bank
            (created, updated, version, name, privately_owned) 
        values
            (?, ?, ?, ?, 0)
2022-03-27T10:53:39,811|[TRACE] BasicBinder -binding parameter [1] as [TIMESTAMP] - [2022-03-27T10:53:39.810429900]
2022-03-27T10:53:39,811|[TRACE] BasicBinder -binding parameter [2] as [TIMESTAMP] - [2022-03-27T10:53:39.810429900]
2022-03-27T10:53:39,811|[TRACE] BasicBinder -binding parameter [3] as [INTEGER] - [0]
2022-03-27T10:53:39,811|[TRACE] BasicBinder -binding parameter [4] as [VARCHAR] - [Wealth]
2022-03-27T10:53:39,813|[DEBUG] SQL -
    /* insert bloodbank.entity.BloodDonation
        */ insert 
        into
            blood_donation
            (created, updated, version, bank_id, blood_group, rhd, milliliters) 
        values
            (?, ?, ?, ?, ?, ?, ?)
2022-03-27T10:53:39,813|[TRACE] BasicBinder -binding parameter [1] as [TIMESTAMP] - [2022-03-27T10:53:39.810429900]
2022-03-27T10:53:39,813|[TRACE] BasicBinder -binding parameter [2] as [TIMESTAMP] - [2022-03-27T10:53:39.810429900]
2022-03-27T10:53:39,813|[TRACE] BasicBinder -binding parameter [3] as [INTEGER] - [0]
2022-03-27T10:53:39,813|[TRACE] BasicBinder -binding parameter [4] as [INTEGER] - [2]
2022-03-27T10:53:39,814|[TRACE] BasicBinder -binding parameter [5] as [VARCHAR] - [O]
2022-03-27T10:53:39,814|[TRACE] BasicBinder -binding parameter [6] as [TINYINT] - [0]
2022-03-27T10:53:39,814|[TRACE] BasicBinder -binding parameter [7] as [INTEGER] - [50]
2022-03-27T10:53:39,824|[DEBUG] SQL -
    select
        bloodbank0_.bank_id as bank_id2_1_0_,
        bloodbank0_.created as created3_1_0_,
        bloodbank0_.updated as updated4_1_0_,
        bloodbank0_.version as version5_1_0_,
        bloodbank0_.name as name6_1_0_,
        bloodbank0_.privately_owned as privatel1_1_0_ 
    from
        blood_bank bloodbank0_ 
    where
        bloodbank0_.bank_id=?
2022-03-27T10:53:39,825|[TRACE] BasicBinder -binding parameter [1] as [INTEGER] - [1]
2022-03-27T10:53:39,826|[DEBUG] SQL -
    select
        donations0_.bank_id as bank_id8_2_0_,
        donations0_.donation_id as donation1_2_0_,
        donations0_.donation_id as donation1_2_1_,
        donations0_.created as created2_2_1_,
        donations0_.updated as updated3_2_1_,
        donations0_.version as version4_2_1_,
        donations0_.bank_id as bank_id8_2_1_,
        donations0_.blood_group as blood_gr5_2_1_,
        donations0_.rhd as rhd6_2_1_,
        donations0_.milliliters as millilit7_2_1_,
        donationre1_.record_id as record_i1_4_2_,
        donationre1_.created as created2_4_2_,
        donationre1_.updated as updated3_4_2_,
        donationre1_.version as version4_4_2_,
        donationre1_.donation_id as donation6_4_2_,
        donationre1_.person_id as person_i7_4_2_,
        donationre1_.tested as tested5_4_2_,
        person2_.id as id1_5_3_,
        person2_.created as created2_5_3_,
        person2_.updated as updated3_5_3_,
        person2_.version as version4_5_3_,
        person2_.first_name as first_na5_5_3_,
        person2_.last_name as last_nam6_5_3_ 
    from
        blood_donation donations0_ 
    left outer join
        donation_record donationre1_ 
            on donations0_.donation_id=donationre1_.donation_id 
    left outer join
        person person2_ 
            on donationre1_.person_id=person2_.id 
    where
        donations0_.bank_id=?
2022-03-27T10:53:39,827|[TRACE] BasicBinder -binding parameter [1] as [INTEGER] - [1]
2022-03-27T10:53:39,829|[DEBUG] SQL -
    /* delete bloodbank.entity.BloodDonation */ delete 
        from
            blood_donation 
        where
            donation_id=? 
            and version=?
2022-03-27T10:53:39,829|[TRACE] BasicBinder -binding parameter [1] as [INTEGER] - [1]
2022-03-27T10:53:39,829|[TRACE] BasicBinder -binding parameter [2] as [INTEGER] - [1]
2022-03-27T10:53:39,830|[DEBUG] SQL -
    /* delete bloodbank.entity.PrivateBloodBank */ delete 
        from
            blood_bank 
        where
            bank_id=? 
            and version=?
2022-03-27T10:53:39,830|[TRACE] BasicBinder -binding parameter [1] as [INTEGER] - [1]
2022-03-27T10:53:39,830|[TRACE] BasicBinder -binding parameter [2] as [INTEGER] - [1]
2022-03-27T10:53:39,834|[DEBUG] SQL -
    /* select
        count(generatedAlias0) 
    from
        BloodDonation as generatedAlias0 
    where
        generatedAlias0.id=:id */ select
            count(blooddonat0_.donation_id) as col_0_0_ 
        from
            blood_donation blooddonat0_ 
        where
            blooddonat0_.donation_id=?
2022-03-27T10:53:39,834|[TRACE] BasicBinder -binding parameter [1] as [INTEGER] - [1]
2022-03-27T10:53:39,836|[DEBUG] SQL -
    /* select
        count(generatedAlias0) 
    from
        BloodDonation as generatedAlias0 
    where
        generatedAlias0.id=:id */ select
            count(blooddonat0_.donation_id) as col_0_0_ 
        from
            blood_donation blooddonat0_ 
        where
            blooddonat0_.donation_id=?
2022-03-27T10:53:39,837|[TRACE] BasicBinder -binding parameter [1] as [INTEGER] - [2]
]]></system-out>
  </testcase>
</testsuite>