<?xml version="1.0" encoding="UTF-8"?>
<testsuite xmlns:xsi="http://www.w3.org/2001/XMLSchema-instance" xsi:noNamespaceSchemaLocation="https://maven.apache.org/surefire/maven-surefire-plugin/xsd/surefire-test-report-3.0.xsd" version="3.0" name="bloodbank.entity.TestCRUDPhone" time="0.814" tests="7" errors="0" skipped="0" failures="0">
  <properties>
[...]
</properties>
  <testcase name="test01_Empty" classname="bloodbank.entity.TestCRUDPhone" time="0.003">
    <system-out><![CDATA[2022-03-27T10:35:14,379|[WARN ] pooling -HHH10001002: Using Hibernate built-in connection pool (not for production use!)
2022-03-27T10:35:14,520|[DEBUG] SQL -
    
    use bloodbank
2022-03-27T10:35:14,521|[DEBUG] SQL -
    
    SET FOREIGN_KEY_CHECKS=0
2022-03-27T10:35:14,522|[DEBUG] SQL -
    
    TRUNCATE TABLE bloodbank.address
2022-03-27T10:35:14,735|[DEBUG] SQL -
    
    TRUNCATE TABLE bloodbank.blood_bank
2022-03-27T10:35:14,819|[DEBUG] SQL -
    
    TRUNCATE TABLE bloodbank.blood_donation
2022-03-27T10:35:14,881|[DEBUG] SQL -
    
    TRUNCATE TABLE bloodbank.contact
2022-03-27T10:35:14,944|[DEBUG] SQL -
    
    TRUNCATE TABLE bloodbank.donation_record
2022-03-27T10:35:14,996|[DEBUG] SQL -
    
    TRUNCATE TABLE bloodbank.person
2022-03-27T10:35:15,026|[DEBUG] SQL -
    
    TRUNCATE TABLE bloodbank.phone
2022-03-27T10:35:15,060|[DEBUG] SQL -
    
    SET FOREIGN_KEY_CHECKS=1
2022-03-27T10:35:15,062|[DEBUG] SQL -CREATE SCHEMA IF NOT EXISTS `bloodbank` DEFAULT CHARACTER SET utf8mb4
2022-03-27T10:35:15,065|[DEBUG] SQL -
    
    USE `bloodbank`
2022-03-27T10:35:15,065|[DEBUG] SQL -
    
    CREATE TABLE IF NOT EXISTS `person` (
          `id` INT NOT NULL AUTO_INCREMENT,
          `first_name` VARCHAR(50) NOT NULL,
          `last_name` VARCHAR(50) NOT NULL,
          `created` DATETIME NULL,
          `updated` DATETIME NULL,
          `version` BIGINT NOT NULL DEFAULT 1,
          PRIMARY KEY (`id`) 
    )
2022-03-27T10:35:15,073|[DEBUG] SQL -
    
    CREATE TABLE IF NOT EXISTS `blood_bank` (
          `bank_id` INT NOT NULL AUTO_INCREMENT,
          `name` VARCHAR(100) NOT NULL,
          `privately_owned` BIT(1) NOT NULL,
          `created` DATETIME NULL,
          `updated` DATETIME NULL,
          `version` BIGINT NOT NULL DEFAULT 1,
          PRIMARY KEY (`bank_id`),
          UNIQUE INDEX `name_UNIQUE` (`name` ASC) VISIBLE 
    )
2022-03-27T10:35:15,079|[DEBUG] SQL -
    
    CREATE TABLE IF NOT EXISTS `blood_donation` (
          `donation_id` INT NOT NULL AUTO_INCREMENT,
          `bank_id` INT NOT NULL,
          `milliliters` INT NOT NULL,
          `blood_group` CHAR(2) NOT NULL,
          `rhd` BIT(1) NOT NULL,
          `created` DATETIME NULL,
          `updated` DATETIME NULL,
          `version` BIGINT NOT NULL DEFAULT 1,
          PRIMARY KEY (`donation_id`),
          INDEX `fk_blood_donation_blood_bank1_idx` (`bank_id` ASC) VISIBLE,
          CONSTRAINT `fk_blood_donation_blood_bank1`     FOREIGN KEY (`bank_id`) REFERENCES `blood_bank` (`bank_id`) ON DELETE NO ACTION ON UPDATE NO ACTION 
    )
2022-03-27T10:35:15,085|[DEBUG] SQL -
    
    CREATE TABLE IF NOT EXISTS `donation_record` (
          `record_id` INT NOT NULL AUTO_INCREMENT,
          `person_id` INT NOT NULL,
          `donation_id` INT NULL,
          `tested` BIT(1) NOT NULL,
          `created` DATETIME NULL,
          `updated` DATETIME NULL,
          `version` BIGINT NOT NULL DEFAULT 1,
          INDEX `fk_donation_record_person1_idx` (`person_id` ASC) VISIBLE,
          INDEX `fk_donation_record_blood_donation1_idx` (`donation_id` ASC) VISIBLE,
          UNIQUE INDEX `record_id_UNIQUE` (`record_id` ASC) VISIBLE,
          PRIMARY KEY (`record_id`),
          CONSTRAINT `fk_donation_record_person1`     FOREIGN KEY (`person_id`)     REFERENCES `person` (`id`)     ON DELETE NO ACTION     ON UPDATE NO ACTION,
          CONSTRAINT `fk_donation_record_blood_donation1`     FOREIGN KEY (`donation_id`)     REFERENCES `blood_donation` (`donation_id`)     ON DELETE NO ACTION     ON UPDATE NO ACTION 
    )
2022-03-27T10:35:15,091|[DEBUG] SQL -
    
    CREATE TABLE IF NOT EXISTS `address` (
          `address_id` INT NOT NULL AUTO_INCREMENT,
          `street_number` VARCHAR(10) NOT NULL,
          `street` VARCHAR(100) NOT NULL,
          `city` VARCHAR(100) NOT NULL,
          `province` VARCHAR(100) NOT NULL,
          `country` VARCHAR(100) NOT NULL,
          `zipcode` VARCHAR(100) NOT NULL,
          `created` DATETIME NULL,
          `updated` DATETIME NULL,
          `version` BIGINT NOT NULL DEFAULT 1,
          PRIMARY KEY (`address_id`) 
    )
2022-03-27T10:35:15,098|[DEBUG] SQL -
    
    CREATE TABLE IF NOT EXISTS `phone` (
          `phone_id` INT NOT NULL AUTO_INCREMENT,
          `country_code` VARCHAR(10) NOT NULL DEFAULT '1',
          `area_code` VARCHAR(10) NOT NULL,
          `number` VARCHAR(10) NOT NULL,
          `created` DATETIME NULL,
          `updated` DATETIME NULL,
          `version` BIGINT NOT NULL DEFAULT 1,
          PRIMARY KEY (`phone_id`) 
    )
2022-03-27T10:35:15,104|[DEBUG] SQL -
    
    CREATE TABLE IF NOT EXISTS `contact` (
          `person_id` INT NOT NULL,
          `phone_id` INT NOT NULL,
          `contact_type` VARCHAR(10) NOT NULL,
          `email` VARCHAR(100) NULL,
          `address_id` INT NULL,
          `created` DATETIME NULL,
          `updated` DATETIME NULL,
          `version` BIGINT NOT NULL DEFAULT 1,
          PRIMARY KEY (`person_id`, `phone_id`),
          INDEX `fk_contact_phone1_idx` (`phone_id` ASC) VISIBLE,
          INDEX `fk_contact_person1_idx` (`person_id` ASC) VISIBLE,
          CONSTRAINT `fk_contact_address1`     FOREIGN KEY (`address_id`)     REFERENCES `address` (`address_id`)     ON DELETE NO ACTION     ON UPDATE NO ACTION,
          CONSTRAINT `fk_contact_phone1`     FOREIGN KEY (`phone_id`)     REFERENCES `phone` (`phone_id`)     ON DELETE NO ACTION     ON UPDATE NO ACTION,
          CONSTRAINT `fk_contact_person1`     FOREIGN KEY (`person_id`)     REFERENCES `person` (`id`)     ON DELETE NO ACTION     ON UPDATE NO ACTION 
    )
2022-03-27T10:35:15,118|[DEBUG] SQL -
    /* delete Address as generatedAlias0 */ delete 
        from
            address
2022-03-27T10:35:15,119|[DEBUG] SQL -
    /* delete Phone as generatedAlias0 */ delete 
        from
            phone
2022-03-27T10:35:15,120|[DEBUG] SQL -
    /* delete Person as generatedAlias0 */ delete 
        from
            person
2022-03-27T10:35:15,120|[DEBUG] SQL -
    /* delete Contact as generatedAlias0 */ delete 
        from
            contact
2022-03-27T10:35:15,121|[DEBUG] SQL -
    /* delete BloodBank as generatedAlias0 */ delete 
        from
            blood_bank
2022-03-27T10:35:15,122|[DEBUG] SQL -
    /* delete BloodDonation as generatedAlias0 */ delete 
        from
            blood_donation
2022-03-27T10:35:15,123|[DEBUG] SQL -
    /* delete DonationRecord as generatedAlias0 */ delete 
        from
            donation_record
2022-03-27T10:35:15,125|[DEBUG] SQL -
    /* select
        count(generatedAlias0) 
    from
        Phone as generatedAlias0 */ select
            count(phone0_.phone_id) as col_0_0_ 
        from
            phone phone0_
]]></system-out>
  </testcase>
  <testcase name="test02_Create" classname="bloodbank.entity.TestCRUDPhone" time="0.008">
    <system-out><![CDATA[2022-03-27T10:35:15,128|[DEBUG] SQL -
    /* insert bloodbank.entity.Phone
        */ insert 
        into
            phone
            (created, updated, version, area_code, country_code, number) 
        values
            (?, ?, ?, ?, ?, ?)
2022-03-27T10:35:15,128|[TRACE] BasicBinder -binding parameter [1] as [TIMESTAMP] - [2022-03-27T10:35:15.128597100]
2022-03-27T10:35:15,129|[TRACE] BasicBinder -binding parameter [2] as [TIMESTAMP] - [2022-03-27T10:35:15.128597100]
2022-03-27T10:35:15,129|[TRACE] BasicBinder -binding parameter [3] as [INTEGER] - [0]
2022-03-27T10:35:15,129|[TRACE] BasicBinder -binding parameter [4] as [VARCHAR] - [613]
2022-03-27T10:35:15,129|[TRACE] BasicBinder -binding parameter [5] as [VARCHAR] - [01]
2022-03-27T10:35:15,129|[TRACE] BasicBinder -binding parameter [6] as [VARCHAR] - [1234567]
2022-03-27T10:35:15,134|[DEBUG] SQL -
    /* select
        count(generatedAlias0) 
    from
        Phone as generatedAlias0 
    where
        generatedAlias0.id=:id */ select
            count(phone0_.phone_id) as col_0_0_ 
        from
            phone phone0_ 
        where
            phone0_.phone_id=?
2022-03-27T10:35:15,134|[TRACE] BasicBinder -binding parameter [1] as [INTEGER] - [1]
]]></system-out>
  </testcase>
  <testcase name="test03_CreateInvalid" classname="bloodbank.entity.TestCRUDPhone" time="0.003"/>
  <testcase name="test04_Read" classname="bloodbank.entity.TestCRUDPhone" time="0.003">
    <system-out><![CDATA[2022-03-27T10:35:15,139|[DEBUG] SQL -
    /* select
        generatedAlias0 
    from
        Phone as generatedAlias0 */ select
            phone0_.phone_id as phone_id1_6_,
            phone0_.created as created2_6_,
            phone0_.updated as updated3_6_,
            phone0_.version as version4_6_,
            phone0_.area_code as area_cod5_6_,
            phone0_.country_code as country_6_6_,
            phone0_.number as number7_6_ 
        from
            phone phone0_
]]></system-out>
  </testcase>
  <testcase name="test05_ReadAllFields" classname="bloodbank.entity.TestCRUDPhone" time="0.004">
    <system-out><![CDATA[2022-03-27T10:35:15,143|[DEBUG] SQL -
    /* select
        generatedAlias0 
    from
        Phone as generatedAlias0 
    where
        generatedAlias0.id=:id */ select
            phone0_.phone_id as phone_id1_6_,
            phone0_.created as created2_6_,
            phone0_.updated as updated3_6_,
            phone0_.version as version4_6_,
            phone0_.area_code as area_cod5_6_,
            phone0_.country_code as country_6_6_,
            phone0_.number as number7_6_ 
        from
            phone phone0_ 
        where
            phone0_.phone_id=?
2022-03-27T10:35:15,143|[TRACE] BasicBinder -binding parameter [1] as [INTEGER] - [1]
]]></system-out>
  </testcase>
  <testcase name="test06_Update" classname="bloodbank.entity.TestCRUDPhone" time="0.009">
    <system-out><![CDATA[2022-03-27T10:35:15,146|[DEBUG] SQL -
    /* select
        generatedAlias0 
    from
        Phone as generatedAlias0 
    where
        generatedAlias0.id=:id */ select
            phone0_.phone_id as phone_id1_6_,
            phone0_.created as created2_6_,
            phone0_.updated as updated3_6_,
            phone0_.version as version4_6_,
            phone0_.area_code as area_cod5_6_,
            phone0_.country_code as country_6_6_,
            phone0_.number as number7_6_ 
        from
            phone phone0_ 
        where
            phone0_.phone_id=?
2022-03-27T10:35:15,146|[TRACE] BasicBinder -binding parameter [1] as [INTEGER] - [1]
2022-03-27T10:35:15,149|[DEBUG] SQL -
    /* update
        bloodbank.entity.Phone */ update
            phone 
        set
            created=?,
            updated=?,
            version=?,
            area_code=?,
            country_code=?,
            number=? 
        where
            phone_id=? 
            and version=?
2022-03-27T10:35:15,149|[TRACE] BasicBinder -binding parameter [1] as [TIMESTAMP] - [2022-03-27T10:35:15]
2022-03-27T10:35:15,149|[TRACE] BasicBinder -binding parameter [2] as [TIMESTAMP] - [2022-03-27T10:35:15.148545400]
2022-03-27T10:35:15,149|[TRACE] BasicBinder -binding parameter [3] as [INTEGER] - [1]
2022-03-27T10:35:15,149|[TRACE] BasicBinder -binding parameter [4] as [VARCHAR] - [321]
2022-03-27T10:35:15,149|[TRACE] BasicBinder -binding parameter [5] as [VARCHAR] - [123]
2022-03-27T10:35:15,149|[TRACE] BasicBinder -binding parameter [6] as [VARCHAR] - [9876543]
2022-03-27T10:35:15,149|[TRACE] BasicBinder -binding parameter [7] as [INTEGER] - [1]
2022-03-27T10:35:15,149|[TRACE] BasicBinder -binding parameter [8] as [INTEGER] - [0]
2022-03-27T10:35:15,153|[DEBUG] SQL -
    /* select
        generatedAlias0 
    from
        Phone as generatedAlias0 
    where
        generatedAlias0.id=:id */ select
            phone0_.phone_id as phone_id1_6_,
            phone0_.created as created2_6_,
            phone0_.updated as updated3_6_,
            phone0_.version as version4_6_,
            phone0_.area_code as area_cod5_6_,
            phone0_.country_code as country_6_6_,
            phone0_.number as number7_6_ 
        from
            phone phone0_ 
        where
            phone0_.phone_id=?
2022-03-27T10:35:15,153|[TRACE] BasicBinder -binding parameter [1] as [INTEGER] - [1]
]]></system-out>
  </testcase>
  <testcase name="test07_Delete" classname="bloodbank.entity.TestCRUDPhone" time="0.014">
    <system-out><![CDATA[2022-03-27T10:35:15,155|[DEBUG] SQL -
    /* select
        generatedAlias0 
    from
        Phone as generatedAlias0 
    where
        generatedAlias0.id=:id */ select
            phone0_.phone_id as phone_id1_6_,
            phone0_.created as created2_6_,
            phone0_.updated as updated3_6_,
            phone0_.version as version4_6_,
            phone0_.area_code as area_cod5_6_,
            phone0_.country_code as country_6_6_,
            phone0_.number as number7_6_ 
        from
            phone phone0_ 
        where
            phone0_.phone_id=?
2022-03-27T10:35:15,156|[TRACE] BasicBinder -binding parameter [1] as [INTEGER] - [1]
2022-03-27T10:35:15,157|[DEBUG] SQL -
    /* insert bloodbank.entity.Phone
        */ insert 
        into
            phone
            (created, updated, version, area_code, country_code, number) 
        values
            (?, ?, ?, ?, ?, ?)
2022-03-27T10:35:15,158|[TRACE] BasicBinder -binding parameter [1] as [TIMESTAMP] - [2022-03-27T10:35:15.157520800]
2022-03-27T10:35:15,158|[TRACE] BasicBinder -binding parameter [2] as [TIMESTAMP] - [2022-03-27T10:35:15.157520800]
2022-03-27T10:35:15,158|[TRACE] BasicBinder -binding parameter [3] as [INTEGER] - [0]
2022-03-27T10:35:15,158|[TRACE] BasicBinder -binding parameter [4] as [VARCHAR] - [999]
2022-03-27T10:35:15,158|[TRACE] BasicBinder -binding parameter [5] as [VARCHAR] - [666]
2022-03-27T10:35:15,158|[TRACE] BasicBinder -binding parameter [6] as [VARCHAR] - [1234567]
2022-03-27T10:35:15,162|[DEBUG] SQL -
    /* delete bloodbank.entity.Phone */ delete 
        from
            phone 
        where
            phone_id=? 
            and version=?
2022-03-27T10:35:15,162|[TRACE] BasicBinder -binding parameter [1] as [INTEGER] - [1]
2022-03-27T10:35:15,162|[TRACE] BasicBinder -binding parameter [2] as [INTEGER] - [1]
2022-03-27T10:35:15,166|[DEBUG] SQL -
    /* select
        count(generatedAlias0) 
    from
        Phone as generatedAlias0 
    where
        generatedAlias0.id=:id */ select
            count(phone0_.phone_id) as col_0_0_ 
        from
            phone phone0_ 
        where
            phone0_.phone_id=?
2022-03-27T10:35:15,166|[TRACE] BasicBinder -binding parameter [1] as [INTEGER] - [1]
2022-03-27T10:35:15,168|[DEBUG] SQL -
    /* select
        count(generatedAlias0) 
    from
        Phone as generatedAlias0 
    where
        generatedAlias0.id=:id */ select
            count(phone0_.phone_id) as col_0_0_ 
        from
            phone phone0_ 
        where
            phone0_.phone_id=?
2022-03-27T10:35:15,168|[TRACE] BasicBinder -binding parameter [1] as [INTEGER] - [2]
]]></system-out>
  </testcase>
</testsuite>